Determining if the pthread_create exist failed with the following output:
Change Dir: /home/turtlepc-04/catkin_ws/src/audio/build/CMakeFiles/CMakeTmp

Run Build Command:"/usr/bin/make" "cmTC_180a4/fast"
/usr/bin/make -f CMakeFiles/cmTC_180a4.dir/build.make CMakeFiles/cmTC_180a4.dir/build
make[1]: Entering directory '/home/turtlepc-04/catkin_ws/src/audio/build/CMakeFiles/CMakeTmp'
Building C object CMakeFiles/cmTC_180a4.dir/CheckSymbolExists.c.o
/usr/bin/cc    -o CMakeFiles/cmTC_180a4.dir/CheckSymbolExists.c.o   -c /home/turtlepc-04/catkin_ws/src/audio/build/CMakeFiles/CMakeTmp/CheckSymbolExists.c
Linking C executable cmTC_180a4
/usr/bin/cmake -E cmake_link_script CMakeFiles/cmTC_180a4.dir/link.txt --verbose=1
/usr/bin/cc      -rdynamic CMakeFiles/cmTC_180a4.dir/CheckSymbolExists.c.o  -o cmTC_180a4 
CMakeFiles/cmTC_180a4.dir/CheckSymbolExists.c.o: In function `main':
CheckSymbolExists.c:(.text+0x1b): undefined reference to `pthread_create'
collect2: error: ld returned 1 exit status
CMakeFiles/cmTC_180a4.dir/build.make:97: recipe for target 'cmTC_180a4' failed
make[1]: *** [cmTC_180a4] Error 1
make[1]: Leaving directory '/home/turtlepc-04/catkin_ws/src/audio/build/CMakeFiles/CMakeTmp'
Makefile:126: recipe for target 'cmTC_180a4/fast' failed
make: *** [cmTC_180a4/fast] Error 2

File /home/turtlepc-04/catkin_ws/src/audio/build/CMakeFiles/CMakeTmp/CheckSymbolExists.c:
/* */
#include <pthread.h>

int main(int argc, char** argv)
{
  (void)argv;
#ifndef pthread_create
  return ((int*)(&pthread_create))[argc];
#else
  (void)argc;
  return 0;
#endif
}

Determining if the function pthread_create exists in the pthreads failed with the following output:
Change Dir: /home/turtlepc-04/catkin_ws/src/audio/build/CMakeFiles/CMakeTmp

Run Build Command:"/usr/bin/make" "cmTC_61576/fast"
/usr/bin/make -f CMakeFiles/cmTC_61576.dir/build.make CMakeFiles/cmTC_61576.dir/build
make[1]: Entering directory '/home/turtlepc-04/catkin_ws/src/audio/build/CMakeFiles/CMakeTmp'
Building C object CMakeFiles/cmTC_61576.dir/CheckFunctionExists.c.o
/usr/bin/cc   -DCHECK_FUNCTION_EXISTS=pthread_create   -o CMakeFiles/cmTC_61576.dir/CheckFunctionExists.c.o   -c /usr/share/cmake-3.10/Modules/CheckFunctionExists.c
Linking C executable cmTC_61576
/usr/bin/cmake -E cmake_link_script CMakeFiles/cmTC_61576.dir/link.txt --verbose=1
/usr/bin/cc  -DCHECK_FUNCTION_EXISTS=pthread_create    -rdynamic CMakeFiles/cmTC_61576.dir/CheckFunctionExists.c.o  -o cmTC_61576 -lpthreads 
/usr/bin/ld: cannot find -lpthreads
collect2: error: ld returned 1 exit status
CMakeFiles/cmTC_61576.dir/build.make:97: recipe for target 'cmTC_61576' failed
make[1]: *** [cmTC_61576] Error 1
make[1]: Leaving directory '/home/turtlepc-04/catkin_ws/src/audio/build/CMakeFiles/CMakeTmp'
Makefile:126: recipe for target 'cmTC_61576/fast' failed
make: *** [cmTC_61576/fast] Error 2


