Determining if the pthread_create exist failed with the following output:
Change Dir: /home/turtlepc-04/catkin_ws/build/CMakeFiles/CMakeTmp

Run Build Command:"/usr/bin/make" "cmTC_7bbfb/fast"
/usr/bin/make -f CMakeFiles/cmTC_7bbfb.dir/build.make CMakeFiles/cmTC_7bbfb.dir/build
make[1]: Entering directory '/home/turtlepc-04/catkin_ws/build/CMakeFiles/CMakeTmp'
Building C object CMakeFiles/cmTC_7bbfb.dir/CheckSymbolExists.c.o
/usr/bin/cc    -o CMakeFiles/cmTC_7bbfb.dir/CheckSymbolExists.c.o   -c /home/turtlepc-04/catkin_ws/build/CMakeFiles/CMakeTmp/CheckSymbolExists.c
Linking C executable cmTC_7bbfb
/usr/bin/cmake -E cmake_link_script CMakeFiles/cmTC_7bbfb.dir/link.txt --verbose=1
/usr/bin/cc      -rdynamic CMakeFiles/cmTC_7bbfb.dir/CheckSymbolExists.c.o  -o cmTC_7bbfb 
CMakeFiles/cmTC_7bbfb.dir/CheckSymbolExists.c.o: In function `main':
CheckSymbolExists.c:(.text+0x1b): undefined reference to `pthread_create'
collect2: error: ld returned 1 exit status
CMakeFiles/cmTC_7bbfb.dir/build.make:97: recipe for target 'cmTC_7bbfb' failed
make[1]: *** [cmTC_7bbfb] Error 1
make[1]: Leaving directory '/home/turtlepc-04/catkin_ws/build/CMakeFiles/CMakeTmp'
Makefile:126: recipe for target 'cmTC_7bbfb/fast' failed
make: *** [cmTC_7bbfb/fast] Error 2

File /home/turtlepc-04/catkin_ws/build/CMakeFiles/CMakeTmp/CheckSymbolExists.c:
/* */
#include <pthread.h>

int main(int argc, char** argv)
{
  (void)argv;
#ifndef pthread_create
  return ((int*)(&pthread_create))[argc];
#else
  (void)argc;
  return 0;
#endif
}

Determining if the function pthread_create exists in the pthreads failed with the following output:
Change Dir: /home/turtlepc-04/catkin_ws/build/CMakeFiles/CMakeTmp

Run Build Command:"/usr/bin/make" "cmTC_5e30d/fast"
/usr/bin/make -f CMakeFiles/cmTC_5e30d.dir/build.make CMakeFiles/cmTC_5e30d.dir/build
make[1]: Entering directory '/home/turtlepc-04/catkin_ws/build/CMakeFiles/CMakeTmp'
Building C object CMakeFiles/cmTC_5e30d.dir/CheckFunctionExists.c.o
/usr/bin/cc   -DCHECK_FUNCTION_EXISTS=pthread_create   -o CMakeFiles/cmTC_5e30d.dir/CheckFunctionExists.c.o   -c /usr/share/cmake-3.10/Modules/CheckFunctionExists.c
Linking C executable cmTC_5e30d
/usr/bin/cmake -E cmake_link_script CMakeFiles/cmTC_5e30d.dir/link.txt --verbose=1
/usr/bin/cc  -DCHECK_FUNCTION_EXISTS=pthread_create    -rdynamic CMakeFiles/cmTC_5e30d.dir/CheckFunctionExists.c.o  -o cmTC_5e30d -lpthreads 
/usr/bin/ld: cannot find -lpthreads
collect2: error: ld returned 1 exit status
CMakeFiles/cmTC_5e30d.dir/build.make:97: recipe for target 'cmTC_5e30d' failed
make[1]: *** [cmTC_5e30d] Error 1
make[1]: Leaving directory '/home/turtlepc-04/catkin_ws/build/CMakeFiles/CMakeTmp'
Makefile:126: recipe for target 'cmTC_5e30d/fast' failed
make: *** [cmTC_5e30d/fast] Error 2


Determining if the include file pgm.h exists failed with the following output:
Change Dir: /home/turtlepc-04/catkin_ws/build/CMakeFiles/CMakeTmp

Run Build Command:"/usr/bin/make" "cmTC_902f3/fast"
/usr/bin/make -f CMakeFiles/cmTC_902f3.dir/build.make CMakeFiles/cmTC_902f3.dir/build
make[1]: Entering directory '/home/turtlepc-04/catkin_ws/build/CMakeFiles/CMakeTmp'
Building CXX object CMakeFiles/cmTC_902f3.dir/CheckIncludeFile.cxx.o
/usr/bin/c++     -o CMakeFiles/cmTC_902f3.dir/CheckIncludeFile.cxx.o -c /home/turtlepc-04/catkin_ws/build/CMakeFiles/CMakeTmp/CheckIncludeFile.cxx
/home/turtlepc-04/catkin_ws/build/CMakeFiles/CMakeTmp/CheckIncludeFile.cxx:1:10: fatal error: pgm.h: No such file or directory
 #include <pgm.h>
          ^~~~~~~
compilation terminated.
CMakeFiles/cmTC_902f3.dir/build.make:65: recipe for target 'CMakeFiles/cmTC_902f3.dir/CheckIncludeFile.cxx.o' failed
make[1]: *** [CMakeFiles/cmTC_902f3.dir/CheckIncludeFile.cxx.o] Error 1
make[1]: Leaving directory '/home/turtlepc-04/catkin_ws/build/CMakeFiles/CMakeTmp'
Makefile:126: recipe for target 'cmTC_902f3/fast' failed
make: *** [cmTC_902f3/fast] Error 2


